app/build/intermediates/manifest_merge_blame_file/debug/manifest-merger-blame-debug-report.txt
1<?xml version="1.0" encoding="utf-8"?>
2<manifest xmlns:android="http://schemas.android.com/apk/res/android"
3    package="com.mooc.ppjoke"
4    android:versionCode="1"
5    android:versionName="1.0" >
6
7    <uses-sdk
8        android:minSdkVersion="21"
8-->src\main\AndroidManifest.xml
9        android:targetSdkVersion="33" />
9-->src\main\AndroidManifest.xml
10
11    <uses-permission android:name="android.permission.INTERNET" />
11-->src\main\AndroidManifest.xml:5:5-67
11-->src\main\AndroidManifest.xml:5:22-64
12    <uses-permission android:name="android.permission.ACCESS_NETWORK_STATE" />
12-->src\main\AndroidManifest.xml:6:5-79
12-->src\main\AndroidManifest.xml:6:22-76
13    <uses-permission android:name="android.permission.WRITE_EXTERNAL_STORAGE" />
13-->src\main\AndroidManifest.xml:7:5-81
13-->src\main\AndroidManifest.xml:7:22-78
14    <uses-permission android:name="android.permission.READ_EXTERNAL_STORAGE" />
14-->src\main\AndroidManifest.xml:8:5-80
14-->src\main\AndroidManifest.xml:8:22-77
15    <uses-permission android:name="android.permission.CAMERA" />
15-->src\main\AndroidManifest.xml:9:5-65
15-->src\main\AndroidManifest.xml:9:22-62
16    <uses-permission android:name="android.permission.RECORD_AUDIO" />
16-->src\main\AndroidManifest.xml:10:5-71
16-->src\main\AndroidManifest.xml:10:22-68
17    <uses-permission android:name="android.permission.FLASHLIGHT" />
17-->src\main\AndroidManifest.xml:11:5-69
17-->src\main\AndroidManifest.xml:11:22-66
18    <uses-permission android:name="android.permission.READ_PHONE_STATE" />
18-->src\main\AndroidManifest.xml:12:5-75
18-->src\main\AndroidManifest.xml:12:22-72
19    <uses-permission android:name="android.permission.ACCESS_WIFI_STATE" />
19-->src\main\AndroidManifest.xml:13:5-76
19-->src\main\AndroidManifest.xml:13:22-73
20    <uses-permission android:name="android.permission.READ_LOGS" />
20-->src\main\AndroidManifest.xml:14:5-68
20-->src\main\AndroidManifest.xml:14:22-65
21    <uses-permission android:name="android.permission.WAKE_LOCK" />
21-->[androidx.work:work-runtime:2.8.1] AndroidManifest.xml:23:5-68
21-->[androidx.work:work-runtime:2.8.1] AndroidManifest.xml:23:22-65
22    <uses-permission android:name="android.permission.RECEIVE_BOOT_COMPLETED" />
22-->[androidx.work:work-runtime:2.8.1] AndroidManifest.xml:25:5-81
22-->[androidx.work:work-runtime:2.8.1] AndroidManifest.xml:25:22-78
23    <uses-permission android:name="android.permission.FOREGROUND_SERVICE" />
23-->[androidx.work:work-runtime:2.8.1] AndroidManifest.xml:26:5-77
23-->[androidx.work:work-runtime:2.8.1] AndroidManifest.xml:26:22-74
24
25    <application
25-->src\main\AndroidManifest.xml:17:5-90:19
26        android:name="com.mooc.ppjoke.JokeApplication"
26-->src\main\AndroidManifest.xml:18:9-40
27        android:allowBackup="true"
27-->src\main\AndroidManifest.xml:19:9-35
28        android:appComponentFactory="androidx.core.app.CoreComponentFactory"
28-->[androidx.core:core:1.6.0] AndroidManifest.xml:24:18-86
29        android:debuggable="true"
30        android:icon="@mipmap/icon_jetpack"
30-->src\main\AndroidManifest.xml:20:9-44
31        android:label="@string/app_name"
31-->src\main\AndroidManifest.xml:21:9-41
32        android:roundIcon="@mipmap/icon_jetpack"
32-->src\main\AndroidManifest.xml:22:9-49
33        android:supportsRtl="true"
33-->src\main\AndroidManifest.xml:23:9-35
34        android:testOnly="true"
35        android:theme="@style/AppTheme"
35-->src\main\AndroidManifest.xml:24:9-40
36        android:usesCleartextTraffic="true" >
36-->src\main\AndroidManifest.xml:25:9-44
37
38        <!-- 这是是QQ快捷登录SDK 里面包含但没用的 apache的类，需要在这里通过uses-library去除掉 -->
39        <uses-library
39-->src\main\AndroidManifest.xml:27:9-29:40
40            android:name="org.apache.http.legacy"
40-->src\main\AndroidManifest.xml:28:13-50
41            android:required="false" />
41-->src\main\AndroidManifest.xml:29:13-37
42
43        <activity
43-->src\main\AndroidManifest.xml:31:9-41:20
44            android:name="com.mooc.ppjoke.MainActivity"
44-->src\main\AndroidManifest.xml:32:13-41
45            android:exported="true"
45-->src\main\AndroidManifest.xml:34:13-36
46            android:label="@string/app_name"
46-->src\main\AndroidManifest.xml:33:13-45
47            android:theme="@style/launcher" >
47-->src\main\AndroidManifest.xml:35:13-44
48            <intent-filter>
48-->src\main\AndroidManifest.xml:36:13-40:29
49                <action android:name="android.intent.action.MAIN" />
49-->src\main\AndroidManifest.xml:37:17-69
49-->src\main\AndroidManifest.xml:37:25-66
50
51                <category android:name="android.intent.category.LAUNCHER" />
51-->src\main\AndroidManifest.xml:39:17-77
51-->src\main\AndroidManifest.xml:39:27-74
52            </intent-filter>
53        </activity>
54        <activity
54-->src\main\AndroidManifest.xml:43:9-45:61
55            android:name="com.mooc.ppjoke.ui.publish.PublishActivity"
55-->src\main\AndroidManifest.xml:44:13-55
56            android:screenOrientation="portrait" />
56-->src\main\AndroidManifest.xml:45:13-49
57        <activity
57-->src\main\AndroidManifest.xml:46:9-49:55
58            android:name="com.mooc.ppjoke.ui.publish.CaptureActivity"
58-->src\main\AndroidManifest.xml:47:13-55
59            android:screenOrientation="portrait"
59-->src\main\AndroidManifest.xml:48:13-49
60            android:theme="@style/capture" />
60-->src\main\AndroidManifest.xml:49:13-43
61        <activity
61-->src\main\AndroidManifest.xml:51:9-54:55
62            android:name="com.mooc.ppjoke.ui.publish.PreviewActivity"
62-->src\main\AndroidManifest.xml:52:13-55
63            android:screenOrientation="portrait"
63-->src\main\AndroidManifest.xml:53:13-49
64            android:theme="@style/preview" />
64-->src\main\AndroidManifest.xml:54:13-43
65        <activity android:name="com.mooc.ppjoke.ui.login.LoginActivity" />
65-->src\main\AndroidManifest.xml:56:9-69
65-->src\main\AndroidManifest.xml:56:19-57
66        <activity
66-->src\main\AndroidManifest.xml:58:9-61:58
67            android:name="com.mooc.ppjoke.ui.detail.FeedDetailActivity"
67-->src\main\AndroidManifest.xml:59:13-57
68            android:screenOrientation="portrait"
68-->src\main\AndroidManifest.xml:60:13-49
69            android:theme="@style/feedDetail" />
69-->src\main\AndroidManifest.xml:61:13-46
70        <activity android:name="com.mooc.ppjoke.ui.find.TagFeedListActivity" />
70-->src\main\AndroidManifest.xml:63:9-74
70-->src\main\AndroidManifest.xml:63:19-62
71        <activity android:name="com.mooc.ppjoke.ui.my.ProfileActivity" />
71-->src\main\AndroidManifest.xml:65:9-68
71-->src\main\AndroidManifest.xml:65:19-56
72        <activity android:name="com.mooc.ppjoke.ui.my.UserBehaviorListActivity" />
72-->src\main\AndroidManifest.xml:67:9-77
72-->src\main\AndroidManifest.xml:67:19-65
73
74        <!-- 注册SDKActivity -->
75        <activity
75-->src\main\AndroidManifest.xml:71:9-85:20
76            android:name="com.tencent.tauth.AuthActivity"
76-->src\main\AndroidManifest.xml:72:13-58
77            android:exported="true"
77-->src\main\AndroidManifest.xml:75:13-36
78            android:launchMode="singleTask"
78-->src\main\AndroidManifest.xml:73:13-44
79            android:noHistory="true"
79-->src\main\AndroidManifest.xml:74:13-37
80            android:screenOrientation="portrait" >
80-->src\main\AndroidManifest.xml:76:13-49
81            <intent-filter>
81-->src\main\AndroidManifest.xml:77:13-84:29
82                <action android:name="android.intent.action.VIEW" />
82-->src\main\AndroidManifest.xml:78:17-69
82-->src\main\AndroidManifest.xml:78:25-66
83
84                <category android:name="android.intent.category.DEFAULT" />
84-->src\main\AndroidManifest.xml:80:17-76
84-->src\main\AndroidManifest.xml:80:27-73
85                <category android:name="android.intent.category.BROWSABLE" />
85-->src\main\AndroidManifest.xml:81:17-78
85-->src\main\AndroidManifest.xml:81:27-75
86
87                <data android:scheme="tencent101794421" />
87-->src\main\AndroidManifest.xml:83:17-59
87-->src\main\AndroidManifest.xml:83:23-56
88            </intent-filter>
89        </activity>
90        <activity
90-->src\main\AndroidManifest.xml:86:9-88:75
91            android:name="com.tencent.connect.common.AssistActivity"
91-->src\main\AndroidManifest.xml:87:13-69
92            android:theme="@android:style/Theme.Translucent.NoTitleBar" />
92-->src\main\AndroidManifest.xml:88:13-72
93
94        <uses-library
94-->[androidx.camera:camera-extensions:1.0.0-alpha01] AndroidManifest.xml:25:9-27:40
95            android:name="androidx.camera.extensions.impl"
95-->[androidx.camera:camera-extensions:1.0.0-alpha01] AndroidManifest.xml:26:13-59
96            android:required="false" />
96-->[androidx.camera:camera-extensions:1.0.0-alpha01] AndroidManifest.xml:27:13-37
97
98        <provider
98-->[androidx.camera:camera-camera2:1.0.0-alpha04] AndroidManifest.xml:25:9-30:43
99            android:name="androidx.camera.camera2.impl.Camera2Initializer"
99-->[androidx.camera:camera-camera2:1.0.0-alpha04] AndroidManifest.xml:26:13-75
100            android:authorities="com.mooc.ppjoke.camerax-init"
100-->[androidx.camera:camera-camera2:1.0.0-alpha04] AndroidManifest.xml:27:13-64
101            android:exported="false"
101-->[androidx.camera:camera-camera2:1.0.0-alpha04] AndroidManifest.xml:28:13-37
102            android:initOrder="100"
102-->[androidx.camera:camera-camera2:1.0.0-alpha04] AndroidManifest.xml:29:13-36
103            android:multiprocess="true" />
103-->[androidx.camera:camera-camera2:1.0.0-alpha04] AndroidManifest.xml:30:13-40
104        <provider
104-->[androidx.work:work-runtime:2.8.1] AndroidManifest.xml:29:9-37:20
105            android:name="androidx.startup.InitializationProvider"
105-->[androidx.work:work-runtime:2.8.1] AndroidManifest.xml:30:13-67
106            android:authorities="com.mooc.ppjoke.androidx-startup"
106-->[androidx.work:work-runtime:2.8.1] AndroidManifest.xml:31:13-68
107            android:exported="false" >
107-->[androidx.work:work-runtime:2.8.1] AndroidManifest.xml:32:13-37
108            <meta-data
108-->[androidx.work:work-runtime:2.8.1] AndroidManifest.xml:34:13-36:52
109                android:name="androidx.work.WorkManagerInitializer"
109-->[androidx.work:work-runtime:2.8.1] AndroidManifest.xml:35:17-68
110                android:value="androidx.startup" />
110-->[androidx.work:work-runtime:2.8.1] AndroidManifest.xml:36:17-49
111        </provider>
112
113        <service
113-->[androidx.work:work-runtime:2.8.1] AndroidManifest.xml:39:9-45:35
114            android:name="androidx.work.impl.background.systemalarm.SystemAlarmService"
114-->[androidx.work:work-runtime:2.8.1] AndroidManifest.xml:40:13-88
115            android:directBootAware="false"
115-->[androidx.work:work-runtime:2.8.1] AndroidManifest.xml:41:13-44
116            android:enabled="@bool/enable_system_alarm_service_default"
116-->[androidx.work:work-runtime:2.8.1] AndroidManifest.xml:42:13-72
117            android:exported="false" />
117-->[androidx.work:work-runtime:2.8.1] AndroidManifest.xml:43:13-37
118        <service
118-->[androidx.work:work-runtime:2.8.1] AndroidManifest.xml:46:9-52:35
119            android:name="androidx.work.impl.background.systemjob.SystemJobService"
119-->[androidx.work:work-runtime:2.8.1] AndroidManifest.xml:47:13-84
120            android:directBootAware="false"
120-->[androidx.work:work-runtime:2.8.1] AndroidManifest.xml:48:13-44
121            android:enabled="@bool/enable_system_job_service_default"
121-->[androidx.work:work-runtime:2.8.1] AndroidManifest.xml:49:13-70
122            android:exported="true"
122-->[androidx.work:work-runtime:2.8.1] AndroidManifest.xml:50:13-36
123            android:permission="android.permission.BIND_JOB_SERVICE" />
123-->[androidx.work:work-runtime:2.8.1] AndroidManifest.xml:51:13-69
124        <service
124-->[androidx.work:work-runtime:2.8.1] AndroidManifest.xml:53:9-59:35
125            android:name="androidx.work.impl.foreground.SystemForegroundService"
125-->[androidx.work:work-runtime:2.8.1] AndroidManifest.xml:54:13-81
126            android:directBootAware="false"
126-->[androidx.work:work-runtime:2.8.1] AndroidManifest.xml:55:13-44
127            android:enabled="@bool/enable_system_foreground_service_default"
127-->[androidx.work:work-runtime:2.8.1] AndroidManifest.xml:56:13-77
128            android:exported="false" />
128-->[androidx.work:work-runtime:2.8.1] AndroidManifest.xml:57:13-37
129
130        <receiver
130-->[androidx.work:work-runtime:2.8.1] AndroidManifest.xml:61:9-66:35
131            android:name="androidx.work.impl.utils.ForceStopRunnable$BroadcastReceiver"
131-->[androidx.work:work-runtime:2.8.1] AndroidManifest.xml:62:13-88
132            android:directBootAware="false"
132-->[androidx.work:work-runtime:2.8.1] AndroidManifest.xml:63:13-44
133            android:enabled="true"
133-->[androidx.work:work-runtime:2.8.1] AndroidManifest.xml:64:13-35
134            android:exported="false" />
134-->[androidx.work:work-runtime:2.8.1] AndroidManifest.xml:65:13-37
135        <receiver
135-->[androidx.work:work-runtime:2.8.1] AndroidManifest.xml:67:9-77:20
136            android:name="androidx.work.impl.background.systemalarm.ConstraintProxy$BatteryChargingProxy"
136-->[androidx.work:work-runtime:2.8.1] AndroidManifest.xml:68:13-106
137            android:directBootAware="false"
137-->[androidx.work:work-runtime:2.8.1] AndroidManifest.xml:69:13-44
138            android:enabled="false"
138-->[androidx.work:work-runtime:2.8.1] AndroidManifest.xml:70:13-36
139            android:exported="false" >
139-->[androidx.work:work-runtime:2.8.1] AndroidManifest.xml:71:13-37
140            <intent-filter>
140-->[androidx.work:work-runtime:2.8.1] AndroidManifest.xml:73:13-76:29
141                <action android:name="android.intent.action.ACTION_POWER_CONNECTED" />
141-->[androidx.work:work-runtime:2.8.1] AndroidManifest.xml:74:17-87
141-->[androidx.work:work-runtime:2.8.1] AndroidManifest.xml:74:25-84
142                <action android:name="android.intent.action.ACTION_POWER_DISCONNECTED" />
142-->[androidx.work:work-runtime:2.8.1] AndroidManifest.xml:75:17-90
142-->[androidx.work:work-runtime:2.8.1] AndroidManifest.xml:75:25-87
143            </intent-filter>
144        </receiver>
145        <receiver
145-->[androidx.work:work-runtime:2.8.1] AndroidManifest.xml:78:9-88:20
146            android:name="androidx.work.impl.background.systemalarm.ConstraintProxy$BatteryNotLowProxy"
146-->[androidx.work:work-runtime:2.8.1] AndroidManifest.xml:79:13-104
147            android:directBootAware="false"
147-->[androidx.work:work-runtime:2.8.1] AndroidManifest.xml:80:13-44
148            android:enabled="false"
148-->[androidx.work:work-runtime:2.8.1] AndroidManifest.xml:81:13-36
149            android:exported="false" >
149-->[androidx.work:work-runtime:2.8.1] AndroidManifest.xml:82:13-37
150            <intent-filter>
150-->[androidx.work:work-runtime:2.8.1] AndroidManifest.xml:84:13-87:29
151                <action android:name="android.intent.action.BATTERY_OKAY" />
151-->[androidx.work:work-runtime:2.8.1] AndroidManifest.xml:85:17-77
151-->[androidx.work:work-runtime:2.8.1] AndroidManifest.xml:85:25-74
152                <action android:name="android.intent.action.BATTERY_LOW" />
152-->[androidx.work:work-runtime:2.8.1] AndroidManifest.xml:86:17-76
152-->[androidx.work:work-runtime:2.8.1] AndroidManifest.xml:86:25-73
153            </intent-filter>
154        </receiver>
155        <receiver
155-->[androidx.work:work-runtime:2.8.1] AndroidManifest.xml:89:9-99:20
156            android:name="androidx.work.impl.background.systemalarm.ConstraintProxy$StorageNotLowProxy"
156-->[androidx.work:work-runtime:2.8.1] AndroidManifest.xml:90:13-104
157            android:directBootAware="false"
157-->[androidx.work:work-runtime:2.8.1] AndroidManifest.xml:91:13-44
158            android:enabled="false"
158-->[androidx.work:work-runtime:2.8.1] AndroidManifest.xml:92:13-36
159            android:exported="false" >
159-->[androidx.work:work-runtime:2.8.1] AndroidManifest.xml:93:13-37
160            <intent-filter>
160-->[androidx.work:work-runtime:2.8.1] AndroidManifest.xml:95:13-98:29
161                <action android:name="android.intent.action.DEVICE_STORAGE_LOW" />
161-->[androidx.work:work-runtime:2.8.1] AndroidManifest.xml:96:17-83
161-->[androidx.work:work-runtime:2.8.1] AndroidManifest.xml:96:25-80
162                <action android:name="android.intent.action.DEVICE_STORAGE_OK" />
162-->[androidx.work:work-runtime:2.8.1] AndroidManifest.xml:97:17-82
162-->[androidx.work:work-runtime:2.8.1] AndroidManifest.xml:97:25-79
163            </intent-filter>
164        </receiver>
165        <receiver
165-->[androidx.work:work-runtime:2.8.1] AndroidManifest.xml:100:9-109:20
166            android:name="androidx.work.impl.background.systemalarm.ConstraintProxy$NetworkStateProxy"
166-->[androidx.work:work-runtime:2.8.1] AndroidManifest.xml:101:13-103
167            android:directBootAware="false"
167-->[androidx.work:work-runtime:2.8.1] AndroidManifest.xml:102:13-44
168            android:enabled="false"
168-->[androidx.work:work-runtime:2.8.1] AndroidManifest.xml:103:13-36
169            android:exported="false" >
169-->[androidx.work:work-runtime:2.8.1] AndroidManifest.xml:104:13-37
170            <intent-filter>
170-->[androidx.work:work-runtime:2.8.1] AndroidManifest.xml:106:13-108:29
171                <action android:name="android.net.conn.CONNECTIVITY_CHANGE" />
171-->[androidx.work:work-runtime:2.8.1] AndroidManifest.xml:107:17-79
171-->[androidx.work:work-runtime:2.8.1] AndroidManifest.xml:107:25-76
172            </intent-filter>
173        </receiver>
174        <receiver
174-->[androidx.work:work-runtime:2.8.1] AndroidManifest.xml:110:9-121:20
175            android:name="androidx.work.impl.background.systemalarm.RescheduleReceiver"
175-->[androidx.work:work-runtime:2.8.1] AndroidManifest.xml:111:13-88
176            android:directBootAware="false"
176-->[androidx.work:work-runtime:2.8.1] AndroidManifest.xml:112:13-44
177            android:enabled="false"
177-->[androidx.work:work-runtime:2.8.1] AndroidManifest.xml:113:13-36
178            android:exported="false" >
178-->[androidx.work:work-runtime:2.8.1] AndroidManifest.xml:114:13-37
179            <intent-filter>
179-->[androidx.work:work-runtime:2.8.1] AndroidManifest.xml:116:13-120:29
180                <action android:name="android.intent.action.BOOT_COMPLETED" />
180-->[androidx.work:work-runtime:2.8.1] AndroidManifest.xml:117:17-79
180-->[androidx.work:work-runtime:2.8.1] AndroidManifest.xml:117:25-76
181                <action android:name="android.intent.action.TIME_SET" />
181-->[androidx.work:work-runtime:2.8.1] AndroidManifest.xml:118:17-73
181-->[androidx.work:work-runtime:2.8.1] AndroidManifest.xml:118:25-70
182                <action android:name="android.intent.action.TIMEZONE_CHANGED" />
182-->[androidx.work:work-runtime:2.8.1] AndroidManifest.xml:119:17-81
182-->[androidx.work:work-runtime:2.8.1] AndroidManifest.xml:119:25-78
183            </intent-filter>
184        </receiver>
185        <receiver
185-->[androidx.work:work-runtime:2.8.1] AndroidManifest.xml:122:9-131:20
186            android:name="androidx.work.impl.background.systemalarm.ConstraintProxyUpdateReceiver"
186-->[androidx.work:work-runtime:2.8.1] AndroidManifest.xml:123:13-99
187            android:directBootAware="false"
187-->[androidx.work:work-runtime:2.8.1] AndroidManifest.xml:124:13-44
188            android:enabled="@bool/enable_system_alarm_service_default"
188-->[androidx.work:work-runtime:2.8.1] AndroidManifest.xml:125:13-72
189            android:exported="false" >
189-->[androidx.work:work-runtime:2.8.1] AndroidManifest.xml:126:13-37
190            <intent-filter>
190-->[androidx.work:work-runtime:2.8.1] AndroidManifest.xml:128:13-130:29
191                <action android:name="androidx.work.impl.background.systemalarm.UpdateProxies" />
191-->[androidx.work:work-runtime:2.8.1] AndroidManifest.xml:129:17-98
191-->[androidx.work:work-runtime:2.8.1] AndroidManifest.xml:129:25-95
192            </intent-filter>
193        </receiver>
194        <receiver
194-->[androidx.work:work-runtime:2.8.1] AndroidManifest.xml:132:9-142:20
195            android:name="androidx.work.impl.diagnostics.DiagnosticsReceiver"
195-->[androidx.work:work-runtime:2.8.1] AndroidManifest.xml:133:13-78
196            android:directBootAware="false"
196-->[androidx.work:work-runtime:2.8.1] AndroidManifest.xml:134:13-44
197            android:enabled="true"
197-->[androidx.work:work-runtime:2.8.1] AndroidManifest.xml:135:13-35
198            android:exported="true"
198-->[androidx.work:work-runtime:2.8.1] AndroidManifest.xml:136:13-36
199            android:permission="android.permission.DUMP" >
199-->[androidx.work:work-runtime:2.8.1] AndroidManifest.xml:137:13-57
200            <intent-filter>
200-->[androidx.work:work-runtime:2.8.1] AndroidManifest.xml:139:13-141:29
201                <action android:name="androidx.work.diagnostics.REQUEST_DIAGNOSTICS" />
201-->[androidx.work:work-runtime:2.8.1] AndroidManifest.xml:140:17-88
201-->[androidx.work:work-runtime:2.8.1] AndroidManifest.xml:140:25-85
202            </intent-filter>
203        </receiver>
204
205        <provider
205-->[androidx.lifecycle:lifecycle-process:2.2.0] AndroidManifest.xml:25:9-29:43
206            android:name="androidx.lifecycle.ProcessLifecycleOwnerInitializer"
206-->[androidx.lifecycle:lifecycle-process:2.2.0] AndroidManifest.xml:26:13-79
207            android:authorities="com.mooc.ppjoke.lifecycle-process"
207-->[androidx.lifecycle:lifecycle-process:2.2.0] AndroidManifest.xml:27:13-69
208            android:exported="false"
208-->[androidx.lifecycle:lifecycle-process:2.2.0] AndroidManifest.xml:28:13-37
209            android:multiprocess="true" />
209-->[androidx.lifecycle:lifecycle-process:2.2.0] AndroidManifest.xml:29:13-40
210
211        <service
211-->[androidx.room:room-runtime:2.5.1] AndroidManifest.xml:24:9-28:63
212            android:name="androidx.room.MultiInstanceInvalidationService"
212-->[androidx.room:room-runtime:2.5.1] AndroidManifest.xml:25:13-74
213            android:directBootAware="true"
213-->[androidx.room:room-runtime:2.5.1] AndroidManifest.xml:26:13-43
214            android:exported="false" />
214-->[androidx.room:room-runtime:2.5.1] AndroidManifest.xml:27:13-37
215    </application>
216
217</manifest>